# JRE version: OpenJDK Runtime Environment Temurin-17.0.10+7 (17.0.10+7) (build 17.0.10+7)
# Java VM: OpenJDK 64-Bit Server VM Temurin-17.0.10+7 (17.0.10+7, mixed mode, tiered, compressed oops, compressed class ptrs, parallel gc, windows-amd64)
GC Precious Log:
 CPUs: 2 total, 2 available
 Memory: 6094M
 Large Page Support: Disabled
 NUMA Support: Disabled
 Compressed Oops: Enabled (32-bit)
 Alignments: Space 512K, Generation 512K, Heap 2M
 Heap Min Capacity: 100M
 Heap Initial Capacity: 100M
 Heap Max Capacity: 1G
 Pre-touch: Disabled
 Parallel Workers: 2
Heap:
 PSYoungGen      total 3072K, used 2201K [0x00000000eab00000, 0x00000000eaf80000, 0x0000000100000000)
  eden space 2560K, 82% used [0x00000000eab00000,0x00000000ead0e448,0x00000000ead80000)
  from space 512K, 18% used [0x00000000eaf00000,0x00000000eaf18000,0x00000000eaf80000)
  to   space 512K, 0% used [0x00000000eae80000,0x00000000eae80000,0x00000000eaf00000)
 ParOldGen       total 142336K, used 114141K [0x00000000c0000000, 0x00000000c8b00000, 0x00000000eab00000)
  object space 142336K, 80% used [0x00000000c0000000,0x00000000c6f777e8,0x00000000c8b00000)
 Metaspace       used 85266K, committed 86464K, reserved 1179648K
  class space    used 9347K, committed 9920K, reserved 1048576K
GC Heap History (20 events):
Event: 213.205 GC heap before
{Heap before GC invocations=350 (full 9):
 PSYoungGen      total 2560K, used 2535K [0x00000000eab00000, 0x00000000ebb00000, 0x0000000100000000)
  eden space 1024K, 100% used [0x00000000eab00000,0x00000000eac00000,0x00000000eac00000)
  from space 1536K, 98% used [0x00000000eb180000,0x00000000eb2f9dc8,0x00000000eb300000)
  to   space 5632K, 0% used [0x00000000eac00000,0x00000000eac00000,0x00000000eb180000)
 ParOldGen       total 146432K, used 142358K [0x00000000c0000000, 0x00000000c8f00000, 0x00000000eab00000)
  object space 146432K, 97% used [0x00000000c0000000,0x00000000c8b059d0,0x00000000c8f00000)
 Metaspace       used 85005K, committed 86208K, reserved 1179648K
  class space    used 9321K, committed 9920K, reserved 1048576K
}
Event: 213.208 GC heap after
{Heap after GC invocations=350 (full 9):
 PSYoungGen      total 2048K, used 992K [0x00000000eab00000, 0x00000000eb200000, 0x0000000100000000)
  eden space 1024K, 0% used [0x00000000eab00000,0x00000000eab00000,0x00000000eac00000)
  from space 1024K, 96% used [0x00000000eac00000,0x00000000eacf8000,0x00000000ead00000)
  to   space 2560K, 0% used [0x00000000eaf80000,0x00000000eaf80000,0x00000000eb200000)
 ParOldGen       total 146432K, used 143885K [0x00000000c0000000, 0x00000000c8f00000, 0x00000000eab00000)
  object space 146432K, 98% used [0x00000000c0000000,0x00000000c8c83798,0x00000000c8f00000)
 Metaspace       used 85005K, committed 86208K, reserved 1179648K
  class space    used 9321K, committed 9920K, reserved 1048576K
}
Event: 213.210 GC heap before
{Heap before GC invocations=351 (full 9):
 PSYoungGen      total 2048K, used 2016K [0x00000000eab00000, 0x00000000eb200000, 0x0000000100000000)
  eden space 1024K, 100% used [0x00000000eab00000,0x00000000eac00000,0x00000000eac00000)
  from space 1024K, 96% used [0x00000000eac00000,0x00000000eacf8000,0x00000000ead00000)
  to   space 2560K, 0% used [0x00000000eaf80000,0x00000000eaf80000,0x00000000eb200000)
 ParOldGen       total 146432K, used 143885K [0x00000000c0000000, 0x00000000c8f00000, 0x00000000eab00000)
  object space 146432K, 98% used [0x00000000c0000000,0x00000000c8c83798,0x00000000c8f00000)
 Metaspace       used 85005K, committed 86208K, reserved 1179648K
  class space    used 9321K, committed 9920K, reserved 1048576K
}
Event: 213.212 GC heap after
{Heap after GC invocations=351 (full 9):
 PSYoungGen      total 2560K, used 992K [0x00000000eab00000, 0x00000000eb080000, 0x0000000100000000)
  eden space 1536K, 0% used [0x00000000eab00000,0x00000000eab00000,0x00000000eac80000)
  from space 1024K, 96% used [0x00000000eaf80000,0x00000000eb078000,0x00000000eb080000)
  to   space 1536K, 0% used [0x00000000ead80000,0x00000000ead80000,0x00000000eaf00000)
 ParOldGen       total 146432K, used 144853K [0x00000000c0000000, 0x00000000c8f00000, 0x00000000eab00000)
  object space 146432K, 98% used [0x00000000c0000000,0x00000000c8d75798,0x00000000c8f00000)
 Metaspace       used 85005K, committed 86208K, reserved 1179648K
  class space    used 9321K, committed 9920K, reserved 1048576K
}
Event: 219.488 GC heap before
{Heap before GC invocations=352 (full 9):
 PSYoungGen      total 2560K, used 2528K [0x00000000eab00000, 0x00000000eb080000, 0x0000000100000000)
  eden space 1536K, 100% used [0x00000000eab00000,0x00000000eac80000,0x00000000eac80000)
  from space 1024K, 96% used [0x00000000eaf80000,0x00000000eb078000,0x00000000eb080000)
  to   space 1536K, 0% used [0x00000000ead80000,0x00000000ead80000,0x00000000eaf00000)
 ParOldGen       total 146432K, used 144853K [0x00000000c0000000, 0x00000000c8f00000, 0x00000000eab00000)
  object space 146432K, 98% used [0x00000000c0000000,0x00000000c8d75798,0x00000000c8f00000)
 Metaspace       used 85015K, committed 86272K, reserved 1179648K
  class space    used 9321K, committed 9920K, reserved 1048576K
}
Event: 219.492 GC heap after
{Heap after GC invocations=352 (full 9):
 PSYoungGen      total 3584K, used 1312K [0x00000000eab00000, 0x00000000eb000000, 0x0000000100000000)
  eden space 2048K, 0% used [0x00000000eab00000,0x00000000eab00000,0x00000000ead00000)
  from space 1536K, 85% used [0x00000000ead80000,0x00000000eaec8000,0x00000000eaf00000)
  to   space 1024K, 0% used [0x00000000eaf00000,0x00000000eaf00000,0x00000000eb000000)
 ParOldGen       total 146432K, used 145829K [0x00000000c0000000, 0x00000000c8f00000, 0x00000000eab00000)
  object space 146432K, 99% used [0x00000000c0000000,0x00000000c8e69798,0x00000000c8f00000)
 Metaspace       used 85015K, committed 86272K, reserved 1179648K
  class space    used 9321K, committed 9920K, reserved 1048576K
}
Event: 219.492 GC heap before
{Heap before GC invocations=353 (full 10):
 PSYoungGen      total 3584K, used 1312K [0x00000000eab00000, 0x00000000eb000000, 0x0000000100000000)
  eden space 2048K, 0% used [0x00000000eab00000,0x00000000eab00000,0x00000000ead00000)
  from space 1536K, 85% used [0x00000000ead80000,0x00000000eaec8000,0x00000000eaf00000)
  to   space 1024K, 0% used [0x00000000eaf00000,0x00000000eaf00000,0x00000000eb000000)
 ParOldGen       total 146432K, used 145829K [0x00000000c0000000, 0x00000000c8f00000, 0x00000000eab00000)
  object space 146432K, 99% used [0x00000000c0000000,0x00000000c8e69798,0x00000000c8f00000)
 Metaspace       used 85015K, committed 86272K, reserved 1179648K
  class space    used 9321K, committed 9920K, reserved 1048576K
}
Event: 219.658 GC heap after
{Heap after GC invocations=353 (full 10):
 PSYoungGen      total 3584K, used 0K [0x00000000eab00000, 0x00000000eb080000, 0x0000000100000000)
  eden space 2560K, 0% used [0x00000000eab00000,0x00000000eab00000,0x00000000ead80000)
  from space 1024K, 0% used [0x00000000eaf00000,0x00000000eaf00000,0x00000000eb000000)
  to   space 1536K, 0% used [0x00000000ead80000,0x00000000ead80000,0x00000000eaf00000)
 ParOldGen       total 142336K, used 112905K [0x00000000c0000000, 0x00000000c8b00000, 0x00000000eab00000)
  object space 142336K, 79% used [0x00000000c0000000,0x00000000c6e42548,0x00000000c8b00000)
 Metaspace       used 85015K, committed 86272K, reserved 1179648K
  class space    used 9321K, committed 9920K, reserved 1048576K
}
Event: 387.446 GC heap before
{Heap before GC invocations=354 (full 10):
 PSYoungGen      total 3584K, used 2559K [0x00000000eab00000, 0x00000000eb080000, 0x0000000100000000)
  eden space 2560K, 99% used [0x00000000eab00000,0x00000000ead7ffd8,0x00000000ead80000)
  from space 1024K, 0% used [0x00000000eaf00000,0x00000000eaf00000,0x00000000eb000000)
  to   space 1536K, 0% used [0x00000000ead80000,0x00000000ead80000,0x00000000eaf00000)
 ParOldGen       total 142336K, used 112905K [0x00000000c0000000, 0x00000000c8b00000, 0x00000000eab00000)
  object space 142336K, 79% used [0x00000000c0000000,0x00000000c6e42548,0x00000000c8b00000)
 Metaspace       used 85107K, committed 86400K, reserved 1179648K
  class space    used 9328K, committed 9920K, reserved 1048576K
}
Event: 387.449 GC heap after
{Heap after GC invocations=354 (full 10):
 PSYoungGen      total 4096K, used 128K [0x00000000eab00000, 0x00000000eb000000, 0x0000000100000000)
  eden space 2560K, 0% used [0x00000000eab00000,0x00000000eab00000,0x00000000ead80000)
  from space 1536K, 8% used [0x00000000ead80000,0x00000000eada0000,0x00000000eaf00000)
  to   space 1024K, 0% used [0x00000000eaf00000,0x00000000eaf00000,0x00000000eb000000)
 ParOldGen       total 142336K, used 112905K [0x00000000c0000000, 0x00000000c8b00000, 0x00000000eab00000)
  object space 142336K, 79% used [0x00000000c0000000,0x00000000c6e42548,0x00000000c8b00000)
 Metaspace       used 85107K, committed 86400K, reserved 1179648K
  class space    used 9328K, committed 9920K, reserved 1048576K
}
Event: 387.605 GC heap before
{Heap before GC invocations=355 (full 10):
 PSYoungGen      total 4096K, used 2688K [0x00000000eab00000, 0x00000000eb000000, 0x0000000100000000)
  eden space 2560K, 100% used [0x00000000eab00000,0x00000000ead80000,0x00000000ead80000)
  from space 1536K, 8% used [0x00000000ead80000,0x00000000eada0000,0x00000000eaf00000)
  to   space 1024K, 0% used [0x00000000eaf00000,0x00000000eaf00000,0x00000000eb000000)
 ParOldGen       total 142336K, used 112905K [0x00000000c0000000, 0x00000000c8b00000, 0x00000000eab00000)
  object space 142336K, 79% used [0x00000000c0000000,0x00000000c6e42548,0x00000000c8b00000)
 Metaspace       used 85137K, committed 86400K, reserved 1179648K
  class space    used 9334K, committed 9920K, reserved 1048576K
}
Event: 387.607 GC heap after
{Heap after GC invocations=355 (full 10):
 PSYoungGen      total 3584K, used 528K [0x00000000eab00000, 0x00000000eb000000, 0x0000000100000000)
  eden space 2560K, 0% used [0x00000000eab00000,0x00000000eab00000,0x00000000ead80000)
  from space 1024K, 51% used [0x00000000eaf00000,0x00000000eaf84030,0x00000000eb000000)
  to   space 1024K, 0% used [0x00000000eae00000,0x00000000eae00000,0x00000000eaf00000)
 ParOldGen       total 142336K, used 112945K [0x00000000c0000000, 0x00000000c8b00000, 0x00000000eab00000)
  object space 142336K, 79% used [0x00000000c0000000,0x00000000c6e4c548,0x00000000c8b00000)
 Metaspace       used 85137K, committed 86400K, reserved 1179648K
  class space    used 9334K, committed 9920K, reserved 1048576K
}
Event: 388.770 GC heap before
{Heap before GC invocations=356 (full 10):
 PSYoungGen      total 3584K, used 3088K [0x00000000eab00000, 0x00000000eb000000, 0x0000000100000000)
  eden space 2560K, 99% used [0x00000000eab00000,0x00000000ead7fff8,0x00000000ead80000)
  from space 1024K, 51% used [0x00000000eaf00000,0x00000000eaf84030,0x00000000eb000000)
  to   space 1024K, 0% used [0x00000000eae00000,0x00000000eae00000,0x00000000eaf00000)
 ParOldGen       total 142336K, used 112945K [0x00000000c0000000, 0x00000000c8b00000, 0x00000000eab00000)
  object space 142336K, 79% used [0x00000000c0000000,0x00000000c6e4c548,0x00000000c8b00000)
 Metaspace       used 85217K, committed 86464K, reserved 1179648K
  class space    used 9341K, committed 9920K, reserved 1048576K
}
Event: 388.772 GC heap after
{Heap after GC invocations=356 (full 10):
 PSYoungGen      total 3584K, used 192K [0x00000000eab00000, 0x00000000eaf80000, 0x0000000100000000)
  eden space 2560K, 0% used [0x00000000eab00000,0x00000000eab00000,0x00000000ead80000)
  from space 1024K, 18% used [0x00000000eae00000,0x00000000eae30000,0x00000000eaf00000)
  to   space 512K, 0% used [0x00000000eaf00000,0x00000000eaf00000,0x00000000eaf80000)
 ParOldGen       total 142336K, used 113395K [0x00000000c0000000, 0x00000000c8b00000, 0x00000000eab00000)
  object space 142336K, 79% used [0x00000000c0000000,0x00000000c6ebce88,0x00000000c8b00000)
 Metaspace       used 85217K, committed 86464K, reserved 1179648K
  class space    used 9341K, committed 9920K, reserved 1048576K
}
Event: 389.036 GC heap before
{Heap before GC invocations=357 (full 10):
 PSYoungGen      total 3584K, used 2752K [0x00000000eab00000, 0x00000000eaf80000, 0x0000000100000000)
  eden space 2560K, 100% used [0x00000000eab00000,0x00000000ead80000,0x00000000ead80000)
  from space 1024K, 18% used [0x00000000eae00000,0x00000000eae30000,0x00000000eaf00000)
  to   space 512K, 0% used [0x00000000eaf00000,0x00000000eaf00000,0x00000000eaf80000)
 ParOldGen       total 142336K, used 113395K [0x00000000c0000000, 0x00000000c8b00000, 0x00000000eab00000)
  object space 142336K, 79% used [0x00000000c0000000,0x00000000c6ebce88,0x00000000c8b00000)
 Metaspace       used 85220K, committed 86464K, reserved 1179648K
  class space    used 9341K, committed 9920K, reserved 1048576K
}
Event: 389.037 GC heap after
{Heap after GC invocations=357 (full 10):
 PSYoungGen      total 3072K, used 272K [0x00000000eab00000, 0x00000000eaf80000, 0x0000000100000000)
  eden space 2560K, 0% used [0x00000000eab00000,0x00000000eab00000,0x00000000ead80000)
  from space 512K, 53% used [0x00000000eaf00000,0x00000000eaf44030,0x00000000eaf80000)
  to   space 512K, 0% used [0x00000000eae80000,0x00000000eae80000,0x00000000eaf00000)
 ParOldGen       total 142336K, used 113587K [0x00000000c0000000, 0x00000000c8b00000, 0x00000000eab00000)
  object space 142336K, 79% used [0x00000000c0000000,0x00000000c6eece88,0x00000000c8b00000)
 Metaspace       used 85220K, committed 86464K, reserved 1179648K
  class space    used 9341K, committed 9920K, reserved 1048576K
}
Event: 389.172 GC heap before
{Heap before GC invocations=358 (full 10):
 PSYoungGen      total 3072K, used 2832K [0x00000000eab00000, 0x00000000eaf80000, 0x0000000100000000)
  eden space 2560K, 100% used [0x00000000eab00000,0x00000000ead80000,0x00000000ead80000)
  from space 512K, 53% used [0x00000000eaf00000,0x00000000eaf44030,0x00000000eaf80000)
  to   space 512K, 0% used [0x00000000eae80000,0x00000000eae80000,0x00000000eaf00000)
 ParOldGen       total 142336K, used 113587K [0x00000000c0000000, 0x00000000c8b00000, 0x00000000eab00000)
  object space 142336K, 79% used [0x00000000c0000000,0x00000000c6eece88,0x00000000c8b00000)
 Metaspace       used 85249K, committed 86464K, reserved 1179648K
  class space    used 9343K, committed 9920K, reserved 1048576K
}
Event: 389.173 GC heap after
{Heap after GC invocations=358 (full 10):
 PSYoungGen      total 3072K, used 480K [0x00000000eab00000, 0x00000000eaf80000, 0x0000000100000000)
  eden space 2560K, 0% used [0x00000000eab00000,0x00000000eab00000,0x00000000ead80000)
  from space 512K, 93% used [0x00000000eae80000,0x00000000eaef8020,0x00000000eaf00000)
  to   space 512K, 0% used [0x00000000eaf00000,0x00000000eaf00000,0x00000000eaf80000)
 ParOldGen       total 142336K, used 113805K [0x00000000c0000000, 0x00000000c8b00000, 0x00000000eab00000)
  object space 142336K, 79% used [0x00000000c0000000,0x00000000c6f237c8,0x00000000c8b00000)
 Metaspace       used 85249K, committed 86464K, reserved 1179648K
  class space    used 9343K, committed 9920K, reserved 1048576K
}
Event: 389.188 GC heap before
{Heap before GC invocations=359 (full 10):
 PSYoungGen      total 3072K, used 3040K [0x00000000eab00000, 0x00000000eaf80000, 0x0000000100000000)
  eden space 2560K, 100% used [0x00000000eab00000,0x00000000ead80000,0x00000000ead80000)
  from space 512K, 93% used [0x00000000eae80000,0x00000000eaef8020,0x00000000eaf00000)
  to   space 512K, 0% used [0x00000000eaf00000,0x00000000eaf00000,0x00000000eaf80000)
 ParOldGen       total 142336K, used 113805K [0x00000000c0000000, 0x00000000c8b00000, 0x00000000eab00000)
  object space 142336K, 79% used [0x00000000c0000000,0x00000000c6f237c8,0x00000000c8b00000)
 Metaspace       used 85253K, committed 86464K, reserved 1179648K
  class space    used 9343K, committed 9920K, reserved 1048576K
}
Event: 389.190 GC heap after
{Heap after GC invocations=359 (full 10):
 PSYoungGen      total 3072K, used 96K [0x00000000eab00000, 0x00000000eaf80000, 0x0000000100000000)
  eden space 2560K, 0% used [0x00000000eab00000,0x00000000eab00000,0x00000000ead80000)
  from space 512K, 18% used [0x00000000eaf00000,0x00000000eaf18000,0x00000000eaf80000)
  to   space 512K, 0% used [0x00000000eae80000,0x00000000eae80000,0x00000000eaf00000)
 ParOldGen       total 142336K, used 114141K [0x00000000c0000000, 0x00000000c8b00000, 0x00000000eab00000)
  object space 142336K, 80% used [0x00000000c0000000,0x00000000c6f777e8,0x00000000c8b00000)
 Metaspace       used 85253K, committed 86464K, reserved 1179648K
  class space    used 9343K, committed 9920K, reserved 1048576K
}

