# JRE version: OpenJDK Runtime Environment Temurin-17.0.10+7 (17.0.10+7) (build 17.0.10+7)
# Java VM: OpenJDK 64-Bit Server VM Temurin-17.0.10+7 (17.0.10+7, mixed mode, tiered, compressed oops, compressed class ptrs, parallel gc, windows-amd64)
GC Precious Log:
 CPUs: 2 total, 2 available
 Memory: 6094M
 Large Page Support: Disabled
 NUMA Support: Disabled
 Compressed Oops: Enabled (32-bit)
 Alignments: Space 512K, Generation 512K, Heap 2M
 Heap Min Capacity: 100M
 Heap Initial Capacity: 100M
 Heap Max Capacity: 1G
 Pre-touch: Disabled
 Parallel Workers: 2
Heap:
 PSYoungGen      total 3584K, used 1329K [0x00000000eab00000, 0x00000000eaf80000, 0x0000000100000000)
  eden space 2560K, 17% used [0x00000000eab00000,0x00000000eab71c70,0x00000000ead80000)
  from space 1024K, 85% used [0x00000000eae80000,0x00000000eaf5a860,0x00000000eaf80000)
  to   space 1024K, 0% used [0x00000000ead80000,0x00000000ead80000,0x00000000eae80000)
 ParOldGen       total 151552K, used 128404K [0x00000000c0000000, 0x00000000c9400000, 0x00000000eab00000)
  object space 151552K, 84% used [0x00000000c0000000,0x00000000c7d653f8,0x00000000c9400000)
 Metaspace       used 76997K, committed 78208K, reserved 1179648K
  class space    used 8626K, committed 9152K, reserved 1048576K
GC Heap History (20 events):
Event: 42.531 GC heap before
{Heap before GC invocations=187 (full 6):
 PSYoungGen      total 3584K, used 3562K [0x00000000eab00000, 0x00000000eb000000, 0x0000000100000000)
  eden space 3072K, 100% used [0x00000000eab00000,0x00000000eae00000,0x00000000eae00000)
  from space 512K, 95% used [0x00000000eaf00000,0x00000000eaf7aa00,0x00000000eaf80000)
  to   space 1024K, 0% used [0x00000000eae00000,0x00000000eae00000,0x00000000eaf00000)
 ParOldGen       total 138240K, used 131527K [0x00000000c0000000, 0x00000000c8700000, 0x00000000eab00000)
  object space 138240K, 95% used [0x00000000c0000000,0x00000000c8071e48,0x00000000c8700000)
 Metaspace       used 75988K, committed 77184K, reserved 1179648K
  class space    used 8555K, committed 9088K, reserved 1048576K
}
Event: 42.534 GC heap after
{Heap after GC invocations=187 (full 6):
 PSYoungGen      total 4096K, used 673K [0x00000000eab00000, 0x00000000eb000000, 0x0000000100000000)
  eden space 3072K, 0% used [0x00000000eab00000,0x00000000eab00000,0x00000000eae00000)
  from space 1024K, 65% used [0x00000000eae00000,0x00000000eaea8568,0x00000000eaf00000)
  to   space 1024K, 0% used [0x00000000eaf00000,0x00000000eaf00000,0x00000000eb000000)
 ParOldGen       total 138240K, used 131861K [0x00000000c0000000, 0x00000000c8700000, 0x00000000eab00000)
  object space 138240K, 95% used [0x00000000c0000000,0x00000000c80c55a0,0x00000000c8700000)
 Metaspace       used 75988K, committed 77184K, reserved 1179648K
  class space    used 8555K, committed 9088K, reserved 1048576K
}
Event: 42.616 GC heap before
{Heap before GC invocations=188 (full 6):
 PSYoungGen      total 4096K, used 3745K [0x00000000eab00000, 0x00000000eb000000, 0x0000000100000000)
  eden space 3072K, 100% used [0x00000000eab00000,0x00000000eae00000,0x00000000eae00000)
  from space 1024K, 65% used [0x00000000eae00000,0x00000000eaea8568,0x00000000eaf00000)
  to   space 1024K, 0% used [0x00000000eaf00000,0x00000000eaf00000,0x00000000eb000000)
 ParOldGen       total 138240K, used 131861K [0x00000000c0000000, 0x00000000c8700000, 0x00000000eab00000)
  object space 138240K, 95% used [0x00000000c0000000,0x00000000c80c55a0,0x00000000c8700000)
 Metaspace       used 76029K, committed 77184K, reserved 1179648K
  class space    used 8562K, committed 9088K, reserved 1048576K
}
Event: 42.624 GC heap after
{Heap after GC invocations=188 (full 6):
 PSYoungGen      total 3584K, used 1008K [0x00000000eab00000, 0x00000000eb100000, 0x0000000100000000)
  eden space 2560K, 0% used [0x00000000eab00000,0x00000000eab00000,0x00000000ead80000)
  from space 1024K, 98% used [0x00000000eaf00000,0x00000000eaffc140,0x00000000eb000000)
  to   space 1536K, 0% used [0x00000000ead80000,0x00000000ead80000,0x00000000eaf00000)
 ParOldGen       total 138240K, used 131997K [0x00000000c0000000, 0x00000000c8700000, 0x00000000eab00000)
  object space 138240K, 95% used [0x00000000c0000000,0x00000000c80e77e0,0x00000000c8700000)
 Metaspace       used 76029K, committed 77184K, reserved 1179648K
  class space    used 8562K, committed 9088K, reserved 1048576K
}
Event: 42.697 GC heap before
{Heap before GC invocations=189 (full 6):
 PSYoungGen      total 3584K, used 3568K [0x00000000eab00000, 0x00000000eb100000, 0x0000000100000000)
  eden space 2560K, 100% used [0x00000000eab00000,0x00000000ead80000,0x00000000ead80000)
  from space 1024K, 98% used [0x00000000eaf00000,0x00000000eaffc140,0x00000000eb000000)
  to   space 1536K, 0% used [0x00000000ead80000,0x00000000ead80000,0x00000000eaf00000)
 ParOldGen       total 138240K, used 131997K [0x00000000c0000000, 0x00000000c8700000, 0x00000000eab00000)
  object space 138240K, 95% used [0x00000000c0000000,0x00000000c80e77e0,0x00000000c8700000)
 Metaspace       used 76032K, committed 77184K, reserved 1179648K
  class space    used 8562K, committed 9088K, reserved 1048576K
}
Event: 42.702 GC heap after
{Heap after GC invocations=189 (full 6):
 PSYoungGen      total 3584K, used 672K [0x00000000eab00000, 0x00000000eaf80000, 0x0000000100000000)
  eden space 2560K, 0% used [0x00000000eab00000,0x00000000eab00000,0x00000000ead80000)
  from space 1024K, 65% used [0x00000000ead80000,0x00000000eae28000,0x00000000eae80000)
  to   space 1024K, 0% used [0x00000000eae80000,0x00000000eae80000,0x00000000eaf80000)
 ParOldGen       total 138240K, used 132974K [0x00000000c0000000, 0x00000000c8700000, 0x00000000eab00000)
  object space 138240K, 96% used [0x00000000c0000000,0x00000000c81dbb00,0x00000000c8700000)
 Metaspace       used 76032K, committed 77184K, reserved 1179648K
  class space    used 8562K, committed 9088K, reserved 1048576K
}
Event: 42.742 GC heap before
{Heap before GC invocations=190 (full 6):
 PSYoungGen      total 3584K, used 3231K [0x00000000eab00000, 0x00000000eaf80000, 0x0000000100000000)
  eden space 2560K, 99% used [0x00000000eab00000,0x00000000ead7ffa8,0x00000000ead80000)
  from space 1024K, 65% used [0x00000000ead80000,0x00000000eae28000,0x00000000eae80000)
  to   space 1024K, 0% used [0x00000000eae80000,0x00000000eae80000,0x00000000eaf80000)
 ParOldGen       total 138240K, used 132974K [0x00000000c0000000, 0x00000000c8700000, 0x00000000eab00000)
  object space 138240K, 96% used [0x00000000c0000000,0x00000000c81dbb00,0x00000000c8700000)
 Metaspace       used 76070K, committed 77248K, reserved 1179648K
  class space    used 8562K, committed 9088K, reserved 1048576K
}
Event: 42.744 GC heap after
{Heap after GC invocations=190 (full 6):
 PSYoungGen      total 3584K, used 626K [0x00000000eab00000, 0x00000000eaf80000, 0x0000000100000000)
  eden space 2560K, 0% used [0x00000000eab00000,0x00000000eab00000,0x00000000ead80000)
  from space 1024K, 61% used [0x00000000eae80000,0x00000000eaf1c868,0x00000000eaf80000)
  to   space 1024K, 0% used [0x00000000ead80000,0x00000000ead80000,0x00000000eae80000)
 ParOldGen       total 138240K, used 133614K [0x00000000c0000000, 0x00000000c8700000, 0x00000000eab00000)
  object space 138240K, 96% used [0x00000000c0000000,0x00000000c827ba78,0x00000000c8700000)
 Metaspace       used 76070K, committed 77248K, reserved 1179648K
  class space    used 8562K, committed 9088K, reserved 1048576K
}
Event: 42.875 GC heap before
{Heap before GC invocations=191 (full 6):
 PSYoungGen      total 3584K, used 3186K [0x00000000eab00000, 0x00000000eaf80000, 0x0000000100000000)
  eden space 2560K, 99% used [0x00000000eab00000,0x00000000ead7ffe0,0x00000000ead80000)
  from space 1024K, 61% used [0x00000000eae80000,0x00000000eaf1c868,0x00000000eaf80000)
  to   space 1024K, 0% used [0x00000000ead80000,0x00000000ead80000,0x00000000eae80000)
 ParOldGen       total 138240K, used 133614K [0x00000000c0000000, 0x00000000c8700000, 0x00000000eab00000)
  object space 138240K, 96% used [0x00000000c0000000,0x00000000c827ba78,0x00000000c8700000)
 Metaspace       used 76243K, committed 77376K, reserved 1179648K
  class space    used 8576K, committed 9088K, reserved 1048576K
}
Event: 42.879 GC heap after
{Heap after GC invocations=191 (full 6):
 PSYoungGen      total 3584K, used 421K [0x00000000eab00000, 0x00000000eaf00000, 0x0000000100000000)
  eden space 2560K, 0% used [0x00000000eab00000,0x00000000eab00000,0x00000000ead80000)
  from space 1024K, 41% used [0x00000000ead80000,0x00000000eade9688,0x00000000eae80000)
  to   space 512K, 0% used [0x00000000eae80000,0x00000000eae80000,0x00000000eaf00000)
 ParOldGen       total 138240K, used 134215K [0x00000000c0000000, 0x00000000c8700000, 0x00000000eab00000)
  object space 138240K, 97% used [0x00000000c0000000,0x00000000c8311fd0,0x00000000c8700000)
 Metaspace       used 76243K, committed 77376K, reserved 1179648K
  class space    used 8576K, committed 9088K, reserved 1048576K
}
Event: 43.007 GC heap before
{Heap before GC invocations=192 (full 6):
 PSYoungGen      total 3584K, used 2981K [0x00000000eab00000, 0x00000000eaf00000, 0x0000000100000000)
  eden space 2560K, 100% used [0x00000000eab00000,0x00000000ead80000,0x00000000ead80000)
  from space 1024K, 41% used [0x00000000ead80000,0x00000000eade9688,0x00000000eae80000)
  to   space 512K, 0% used [0x00000000eae80000,0x00000000eae80000,0x00000000eaf00000)
 ParOldGen       total 138240K, used 134215K [0x00000000c0000000, 0x00000000c8700000, 0x00000000eab00000)
  object space 138240K, 97% used [0x00000000c0000000,0x00000000c8311fd0,0x00000000c8700000)
 Metaspace       used 76406K, committed 77632K, reserved 1179648K
  class space    used 8582K, committed 9088K, reserved 1048576K
}
Event: 43.011 GC heap after
{Heap after GC invocations=192 (full 6):
 PSYoungGen      total 3072K, used 160K [0x00000000eab00000, 0x00000000eaf00000, 0x0000000100000000)
  eden space 2560K, 0% used [0x00000000eab00000,0x00000000eab00000,0x00000000ead80000)
  from space 512K, 31% used [0x00000000eae80000,0x00000000eaea8000,0x00000000eaf00000)
  to   space 512K, 0% used [0x00000000eae00000,0x00000000eae00000,0x00000000eae80000)
 ParOldGen       total 138240K, used 134549K [0x00000000c0000000, 0x00000000c8700000, 0x00000000eab00000)
  object space 138240K, 97% used [0x00000000c0000000,0x00000000c8365678,0x00000000c8700000)
 Metaspace       used 76406K, committed 77632K, reserved 1179648K
  class space    used 8582K, committed 9088K, reserved 1048576K
}
Event: 43.156 GC heap before
{Heap before GC invocations=193 (full 6):
 PSYoungGen      total 3072K, used 2720K [0x00000000eab00000, 0x00000000eaf00000, 0x0000000100000000)
  eden space 2560K, 100% used [0x00000000eab00000,0x00000000ead80000,0x00000000ead80000)
  from space 512K, 31% used [0x00000000eae80000,0x00000000eaea8000,0x00000000eaf00000)
  to   space 512K, 0% used [0x00000000eae00000,0x00000000eae00000,0x00000000eae80000)
 ParOldGen       total 138240K, used 134549K [0x00000000c0000000, 0x00000000c8700000, 0x00000000eab00000)
  object space 138240K, 97% used [0x00000000c0000000,0x00000000c8365678,0x00000000c8700000)
 Metaspace       used 76674K, committed 77952K, reserved 1179648K
  class space    used 8604K, committed 9152K, reserved 1048576K
}
Event: 43.158 GC heap after
{Heap after GC invocations=193 (full 6):
 PSYoungGen      total 3072K, used 512K [0x00000000eab00000, 0x00000000eaf80000, 0x0000000100000000)
  eden space 2560K, 0% used [0x00000000eab00000,0x00000000eab00000,0x00000000ead80000)
  from space 512K, 100% used [0x00000000eae00000,0x00000000eae80000,0x00000000eae80000)
  to   space 1024K, 0% used [0x00000000eae80000,0x00000000eae80000,0x00000000eaf80000)
 ParOldGen       total 138240K, used 134754K [0x00000000c0000000, 0x00000000c8700000, 0x00000000eab00000)
  object space 138240K, 97% used [0x00000000c0000000,0x00000000c8398b08,0x00000000c8700000)
 Metaspace       used 76674K, committed 77952K, reserved 1179648K
  class space    used 8604K, committed 9152K, reserved 1048576K
}
Event: 43.521 GC heap before
{Heap before GC invocations=194 (full 7):
 PSYoungGen      total 3072K, used 3072K [0x00000000eab00000, 0x00000000eaf80000, 0x0000000100000000)
  eden space 2560K, 100% used [0x00000000eab00000,0x00000000ead80000,0x00000000ead80000)
  from space 512K, 100% used [0x00000000eae00000,0x00000000eae80000,0x00000000eae80000)
  to   space 1024K, 0% used [0x00000000eae80000,0x00000000eae80000,0x00000000eaf80000)
 ParOldGen       total 139776K, used 139631K [0x00000000c0000000, 0x00000000c8880000, 0x00000000eab00000)
  object space 139776K, 99% used [0x00000000c0000000,0x00000000c885be70,0x00000000c8880000)
 Metaspace       used 76755K, committed 78016K, reserved 1179648K
  class space    used 8608K, committed 9152K, reserved 1048576K
}
Event: 43.702 GC heap after
{Heap after GC invocations=194 (full 7):
 PSYoungGen      total 3584K, used 0K [0x00000000eab00000, 0x00000000eaf80000, 0x0000000100000000)
  eden space 2560K, 0% used [0x00000000eab00000,0x00000000eab00000,0x00000000ead80000)
  from space 1024K, 0% used [0x00000000eae80000,0x00000000eae80000,0x00000000eaf80000)
  to   space 1024K, 0% used [0x00000000ead80000,0x00000000ead80000,0x00000000eae80000)
 ParOldGen       total 151552K, used 128402K [0x00000000c0000000, 0x00000000c9400000, 0x00000000eab00000)
  object space 151552K, 84% used [0x00000000c0000000,0x00000000c7d64820,0x00000000c9400000)
 Metaspace       used 76755K, committed 78016K, reserved 1179648K
  class space    used 8608K, committed 9152K, reserved 1048576K
}
Event: 43.793 GC heap before
{Heap before GC invocations=195 (full 7):
 PSYoungGen      total 3584K, used 2560K [0x00000000eab00000, 0x00000000eaf80000, 0x0000000100000000)
  eden space 2560K, 100% used [0x00000000eab00000,0x00000000ead80000,0x00000000ead80000)
  from space 1024K, 0% used [0x00000000eae80000,0x00000000eae80000,0x00000000eaf80000)
  to   space 1024K, 0% used [0x00000000ead80000,0x00000000ead80000,0x00000000eae80000)
 ParOldGen       total 151552K, used 128404K [0x00000000c0000000, 0x00000000c9400000, 0x00000000eab00000)
  object space 151552K, 84% used [0x00000000c0000000,0x00000000c7d653f8,0x00000000c9400000)
 Metaspace       used 76883K, committed 78080K, reserved 1179648K
  class space    used 8622K, committed 9152K, reserved 1048576K
}
Event: 43.795 GC heap after
{Heap after GC invocations=195 (full 7):
 PSYoungGen      total 3584K, used 439K [0x00000000eab00000, 0x00000000eaf80000, 0x0000000100000000)
  eden space 2560K, 0% used [0x00000000eab00000,0x00000000eab00000,0x00000000ead80000)
  from space 1024K, 42% used [0x00000000ead80000,0x00000000eadedc50,0x00000000eae80000)
  to   space 1024K, 0% used [0x00000000eae80000,0x00000000eae80000,0x00000000eaf80000)
 ParOldGen       total 151552K, used 128404K [0x00000000c0000000, 0x00000000c9400000, 0x00000000eab00000)
  object space 151552K, 84% used [0x00000000c0000000,0x00000000c7d653f8,0x00000000c9400000)
 Metaspace       used 76883K, committed 78080K, reserved 1179648K
  class space    used 8622K, committed 9152K, reserved 1048576K
}
Event: 43.879 GC heap before
{Heap before GC invocations=196 (full 7):
 PSYoungGen      total 3584K, used 2987K [0x00000000eab00000, 0x00000000eaf80000, 0x0000000100000000)
  eden space 2560K, 99% used [0x00000000eab00000,0x00000000ead7d2c0,0x00000000ead80000)
  from space 1024K, 42% used [0x00000000ead80000,0x00000000eadedc50,0x00000000eae80000)
  to   space 1024K, 0% used [0x00000000eae80000,0x00000000eae80000,0x00000000eaf80000)
 ParOldGen       total 151552K, used 128404K [0x00000000c0000000, 0x00000000c9400000, 0x00000000eab00000)
  object space 151552K, 84% used [0x00000000c0000000,0x00000000c7d653f8,0x00000000c9400000)
 Metaspace       used 76990K, committed 78208K, reserved 1179648K
  class space    used 8626K, committed 9152K, reserved 1048576K
}
Event: 43.882 GC heap after
{Heap after GC invocations=196 (full 7):
 PSYoungGen      total 3584K, used 874K [0x00000000eab00000, 0x00000000eaf80000, 0x0000000100000000)
  eden space 2560K, 0% used [0x00000000eab00000,0x00000000eab00000,0x00000000ead80000)
  from space 1024K, 85% used [0x00000000eae80000,0x00000000eaf5a860,0x00000000eaf80000)
  to   space 1024K, 0% used [0x00000000ead80000,0x00000000ead80000,0x00000000eae80000)
 ParOldGen       total 151552K, used 128404K [0x00000000c0000000, 0x00000000c9400000, 0x00000000eab00000)
  object space 151552K, 84% used [0x00000000c0000000,0x00000000c7d653f8,0x00000000c9400000)
 Metaspace       used 76990K, committed 78208K, reserved 1179648K
  class space    used 8626K, committed 9152K, reserved 1048576K
}

