# JRE version: OpenJDK Runtime Environment Temurin-17.0.10+7 (17.0.10+7) (build 17.0.10+7)
# Java VM: OpenJDK 64-Bit Server VM Temurin-17.0.10+7 (17.0.10+7, mixed mode, tiered, compressed oops, compressed class ptrs, parallel gc, windows-amd64)
GC Precious Log:
 CPUs: 2 total, 2 available
 Memory: 6094M
 Large Page Support: Disabled
 NUMA Support: Disabled
 Compressed Oops: Enabled (32-bit)
 Alignments: Space 512K, Generation 512K, Heap 2M
 Heap Min Capacity: 100M
 Heap Initial Capacity: 100M
 Heap Max Capacity: 1G
 Pre-touch: Disabled
 Parallel Workers: 2
Heap:
 PSYoungGen      total 15360K, used 478K [0x00000000eab00000, 0x00000000eba80000, 0x0000000100000000)
  eden space 13824K, 0% used [0x00000000eab00000,0x00000000eab00010,0x00000000eb880000)
  from space 1536K, 31% used [0x00000000eb880000,0x00000000eb8f77f0,0x00000000eba00000)
  to   space 512K, 0% used [0x00000000eba00000,0x00000000eba00000,0x00000000eba80000)
 ParOldGen       total 111104K, used 91903K [0x00000000c0000000, 0x00000000c6c80000, 0x00000000eab00000)
  object space 111104K, 82% used [0x00000000c0000000,0x00000000c59bfd88,0x00000000c6c80000)
 Metaspace       used 73469K, committed 74688K, reserved 1179648K
  class space    used 8323K, committed 8832K, reserved 1048576K
GC Heap History (20 events):
Event: 36.942 GC heap before
{Heap before GC invocations=77 (full 4):
 PSYoungGen      total 15872K, used 15218K [0x00000000eab00000, 0x00000000ebc00000, 0x0000000100000000)
  eden space 14336K, 100% used [0x00000000eab00000,0x00000000eb900000,0x00000000eb900000)
  from space 1536K, 57% used [0x00000000eba80000,0x00000000ebb5caa0,0x00000000ebc00000)
  to   space 1536K, 0% used [0x00000000eb900000,0x00000000eb900000,0x00000000eba80000)
 ParOldGen       total 95744K, used 94863K [0x00000000c0000000, 0x00000000c5d80000, 0x00000000eab00000)
  object space 95744K, 99% used [0x00000000c0000000,0x00000000c5ca3e90,0x00000000c5d80000)
 Metaspace       used 72787K, committed 74048K, reserved 1179648K
  class space    used 8270K, committed 8832K, reserved 1048576K
}
Event: 36.950 GC heap after
{Heap after GC invocations=77 (full 4):
 PSYoungGen      total 15872K, used 1004K [0x00000000eab00000, 0x00000000ebc00000, 0x0000000100000000)
  eden space 14336K, 0% used [0x00000000eab00000,0x00000000eab00000,0x00000000eb900000)
  from space 1536K, 65% used [0x00000000eb900000,0x00000000eb9fb228,0x00000000eba80000)
  to   space 1536K, 0% used [0x00000000eba80000,0x00000000eba80000,0x00000000ebc00000)
 ParOldGen       total 95744K, used 95655K [0x00000000c0000000, 0x00000000c5d80000, 0x00000000eab00000)
  object space 95744K, 99% used [0x00000000c0000000,0x00000000c5d69e90,0x00000000c5d80000)
 Metaspace       used 72787K, committed 74048K, reserved 1179648K
  class space    used 8270K, committed 8832K, reserved 1048576K
}
Event: 36.950 GC heap before
{Heap before GC invocations=78 (full 5):
 PSYoungGen      total 15872K, used 1004K [0x00000000eab00000, 0x00000000ebc00000, 0x0000000100000000)
  eden space 14336K, 0% used [0x00000000eab00000,0x00000000eab00000,0x00000000eb900000)
  from space 1536K, 65% used [0x00000000eb900000,0x00000000eb9fb228,0x00000000eba80000)
  to   space 1536K, 0% used [0x00000000eba80000,0x00000000eba80000,0x00000000ebc00000)
 ParOldGen       total 95744K, used 95655K [0x00000000c0000000, 0x00000000c5d80000, 0x00000000eab00000)
  object space 95744K, 99% used [0x00000000c0000000,0x00000000c5d69e90,0x00000000c5d80000)
 Metaspace       used 72787K, committed 74048K, reserved 1179648K
  class space    used 8270K, committed 8832K, reserved 1048576K
}
Event: 37.164 GC heap after
{Heap after GC invocations=78 (full 5):
 PSYoungGen      total 15872K, used 0K [0x00000000eab00000, 0x00000000ebc00000, 0x0000000100000000)
  eden space 14336K, 0% used [0x00000000eab00000,0x00000000eab00000,0x00000000eb900000)
  from space 1536K, 0% used [0x00000000eba80000,0x00000000eba80000,0x00000000ebc00000)
  to   space 1536K, 0% used [0x00000000eb900000,0x00000000eb900000,0x00000000eba80000)
 ParOldGen       total 111104K, used 85451K [0x00000000c0000000, 0x00000000c6c80000, 0x00000000eab00000)
  object space 111104K, 76% used [0x00000000c0000000,0x00000000c5372ef8,0x00000000c6c80000)
 Metaspace       used 72787K, committed 74048K, reserved 1179648K
  class space    used 8270K, committed 8832K, reserved 1048576K
}
Event: 37.333 GC heap before
{Heap before GC invocations=79 (full 5):
 PSYoungGen      total 15872K, used 14336K [0x00000000eab00000, 0x00000000ebc00000, 0x0000000100000000)
  eden space 14336K, 100% used [0x00000000eab00000,0x00000000eb900000,0x00000000eb900000)
  from space 1536K, 0% used [0x00000000eba80000,0x00000000eba80000,0x00000000ebc00000)
  to   space 1536K, 0% used [0x00000000eb900000,0x00000000eb900000,0x00000000eba80000)
 ParOldGen       total 111104K, used 85451K [0x00000000c0000000, 0x00000000c6c80000, 0x00000000eab00000)
  object space 111104K, 76% used [0x00000000c0000000,0x00000000c5372ef8,0x00000000c6c80000)
 Metaspace       used 72900K, committed 74176K, reserved 1179648K
  class space    used 8279K, committed 8832K, reserved 1048576K
}
Event: 37.335 GC heap after
{Heap after GC invocations=79 (full 5):
 PSYoungGen      total 15360K, used 608K [0x00000000eab00000, 0x00000000ebb00000, 0x0000000100000000)
  eden space 14336K, 0% used [0x00000000eab00000,0x00000000eab00000,0x00000000eb900000)
  from space 1024K, 59% used [0x00000000eb900000,0x00000000eb998000,0x00000000eba00000)
  to   space 1024K, 0% used [0x00000000eba00000,0x00000000eba00000,0x00000000ebb00000)
 ParOldGen       total 111104K, used 85451K [0x00000000c0000000, 0x00000000c6c80000, 0x00000000eab00000)
  object space 111104K, 76% used [0x00000000c0000000,0x00000000c5372ef8,0x00000000c6c80000)
 Metaspace       used 72900K, committed 74176K, reserved 1179648K
  class space    used 8279K, committed 8832K, reserved 1048576K
}
Event: 37.383 GC heap before
{Heap before GC invocations=80 (full 5):
 PSYoungGen      total 15360K, used 14944K [0x00000000eab00000, 0x00000000ebb00000, 0x0000000100000000)
  eden space 14336K, 100% used [0x00000000eab00000,0x00000000eb900000,0x00000000eb900000)
  from space 1024K, 59% used [0x00000000eb900000,0x00000000eb998000,0x00000000eba00000)
  to   space 1024K, 0% used [0x00000000eba00000,0x00000000eba00000,0x00000000ebb00000)
 ParOldGen       total 111104K, used 85451K [0x00000000c0000000, 0x00000000c6c80000, 0x00000000eab00000)
  object space 111104K, 76% used [0x00000000c0000000,0x00000000c5372ef8,0x00000000c6c80000)
 Metaspace       used 72935K, committed 74176K, reserved 1179648K
  class space    used 8282K, committed 8832K, reserved 1048576K
}
Event: 37.386 GC heap after
{Heap after GC invocations=80 (full 5):
 PSYoungGen      total 15360K, used 866K [0x00000000eab00000, 0x00000000ebb00000, 0x0000000100000000)
  eden space 14336K, 0% used [0x00000000eab00000,0x00000000eab00000,0x00000000eb900000)
  from space 1024K, 84% used [0x00000000eba00000,0x00000000ebad8ac0,0x00000000ebb00000)
  to   space 1024K, 0% used [0x00000000eb900000,0x00000000eb900000,0x00000000eba00000)
 ParOldGen       total 111104K, used 85845K [0x00000000c0000000, 0x00000000c6c80000, 0x00000000eab00000)
  object space 111104K, 77% used [0x00000000c0000000,0x00000000c53d57f8,0x00000000c6c80000)
 Metaspace       used 72935K, committed 74176K, reserved 1179648K
  class space    used 8282K, committed 8832K, reserved 1048576K
}
Event: 37.413 GC heap before
{Heap before GC invocations=81 (full 5):
 PSYoungGen      total 15360K, used 15202K [0x00000000eab00000, 0x00000000ebb00000, 0x0000000100000000)
  eden space 14336K, 100% used [0x00000000eab00000,0x00000000eb900000,0x00000000eb900000)
  from space 1024K, 84% used [0x00000000eba00000,0x00000000ebad8ac0,0x00000000ebb00000)
  to   space 1024K, 0% used [0x00000000eb900000,0x00000000eb900000,0x00000000eba00000)
 ParOldGen       total 111104K, used 85845K [0x00000000c0000000, 0x00000000c6c80000, 0x00000000eab00000)
  object space 111104K, 77% used [0x00000000c0000000,0x00000000c53d57f8,0x00000000c6c80000)
 Metaspace       used 72938K, committed 74176K, reserved 1179648K
  class space    used 8282K, committed 8832K, reserved 1048576K
}
Event: 37.416 GC heap after
{Heap after GC invocations=81 (full 5):
 PSYoungGen      total 15360K, used 960K [0x00000000eab00000, 0x00000000ebb00000, 0x0000000100000000)
  eden space 14336K, 0% used [0x00000000eab00000,0x00000000eab00000,0x00000000eb900000)
  from space 1024K, 93% used [0x00000000eb900000,0x00000000eb9f0000,0x00000000eba00000)
  to   space 1024K, 0% used [0x00000000eba00000,0x00000000eba00000,0x00000000ebb00000)
 ParOldGen       total 111104K, used 86626K [0x00000000c0000000, 0x00000000c6c80000, 0x00000000eab00000)
  object space 111104K, 77% used [0x00000000c0000000,0x00000000c5498a70,0x00000000c6c80000)
 Metaspace       used 72938K, committed 74176K, reserved 1179648K
  class space    used 8282K, committed 8832K, reserved 1048576K
}
Event: 37.520 GC heap before
{Heap before GC invocations=82 (full 5):
 PSYoungGen      total 15360K, used 15296K [0x00000000eab00000, 0x00000000ebb00000, 0x0000000100000000)
  eden space 14336K, 100% used [0x00000000eab00000,0x00000000eb900000,0x00000000eb900000)
  from space 1024K, 93% used [0x00000000eb900000,0x00000000eb9f0000,0x00000000eba00000)
  to   space 1024K, 0% used [0x00000000eba00000,0x00000000eba00000,0x00000000ebb00000)
 ParOldGen       total 111104K, used 86626K [0x00000000c0000000, 0x00000000c6c80000, 0x00000000eab00000)
  object space 111104K, 77% used [0x00000000c0000000,0x00000000c5498a70,0x00000000c6c80000)
 Metaspace       used 72961K, committed 74240K, reserved 1179648K
  class space    used 8284K, committed 8832K, reserved 1048576K
}
Event: 37.523 GC heap after
{Heap after GC invocations=82 (full 5):
 PSYoungGen      total 15360K, used 708K [0x00000000eab00000, 0x00000000ebb00000, 0x0000000100000000)
  eden space 14336K, 0% used [0x00000000eab00000,0x00000000eab00000,0x00000000eb900000)
  from space 1024K, 69% used [0x00000000eba00000,0x00000000ebab1060,0x00000000ebb00000)
  to   space 1024K, 0% used [0x00000000eb900000,0x00000000eb900000,0x00000000eba00000)
 ParOldGen       total 111104K, used 87570K [0x00000000c0000000, 0x00000000c6c80000, 0x00000000eab00000)
  object space 111104K, 78% used [0x00000000c0000000,0x00000000c5584a70,0x00000000c6c80000)
 Metaspace       used 72961K, committed 74240K, reserved 1179648K
  class space    used 8284K, committed 8832K, reserved 1048576K
}
Event: 37.568 GC heap before
{Heap before GC invocations=83 (full 5):
 PSYoungGen      total 15360K, used 15044K [0x00000000eab00000, 0x00000000ebb00000, 0x0000000100000000)
  eden space 14336K, 100% used [0x00000000eab00000,0x00000000eb900000,0x00000000eb900000)
  from space 1024K, 69% used [0x00000000eba00000,0x00000000ebab1060,0x00000000ebb00000)
  to   space 1024K, 0% used [0x00000000eb900000,0x00000000eb900000,0x00000000eba00000)
 ParOldGen       total 111104K, used 87572K [0x00000000c0000000, 0x00000000c6c80000, 0x00000000eab00000)
  object space 111104K, 78% used [0x00000000c0000000,0x00000000c5585178,0x00000000c6c80000)
 Metaspace       used 73050K, committed 74304K, reserved 1179648K
  class space    used 8293K, committed 8832K, reserved 1048576K
}
Event: 37.573 GC heap after
{Heap after GC invocations=83 (full 5):
 PSYoungGen      total 15360K, used 556K [0x00000000eab00000, 0x00000000ebb00000, 0x0000000100000000)
  eden space 14336K, 0% used [0x00000000eab00000,0x00000000eab00000,0x00000000eb900000)
  from space 1024K, 54% used [0x00000000eb900000,0x00000000eb98b198,0x00000000eba00000)
  to   space 1024K, 0% used [0x00000000eba00000,0x00000000eba00000,0x00000000ebb00000)
 ParOldGen       total 111104K, used 88204K [0x00000000c0000000, 0x00000000c6c80000, 0x00000000eab00000)
  object space 111104K, 79% used [0x00000000c0000000,0x00000000c5623208,0x00000000c6c80000)
 Metaspace       used 73050K, committed 74304K, reserved 1179648K
  class space    used 8293K, committed 8832K, reserved 1048576K
}
Event: 37.611 GC heap before
{Heap before GC invocations=84 (full 5):
 PSYoungGen      total 15360K, used 14892K [0x00000000eab00000, 0x00000000ebb00000, 0x0000000100000000)
  eden space 14336K, 100% used [0x00000000eab00000,0x00000000eb900000,0x00000000eb900000)
  from space 1024K, 54% used [0x00000000eb900000,0x00000000eb98b198,0x00000000eba00000)
  to   space 1024K, 0% used [0x00000000eba00000,0x00000000eba00000,0x00000000ebb00000)
 ParOldGen       total 111104K, used 88204K [0x00000000c0000000, 0x00000000c6c80000, 0x00000000eab00000)
  object space 111104K, 79% used [0x00000000c0000000,0x00000000c5623208,0x00000000c6c80000)
 Metaspace       used 73196K, committed 74432K, reserved 1179648K
  class space    used 8299K, committed 8832K, reserved 1048576K
}
Event: 37.616 GC heap after
{Heap after GC invocations=84 (full 5):
 PSYoungGen      total 14848K, used 1015K [0x00000000eab00000, 0x00000000ebc00000, 0x0000000100000000)
  eden space 13824K, 0% used [0x00000000eab00000,0x00000000eab00000,0x00000000eb880000)
  from space 1024K, 99% used [0x00000000eba00000,0x00000000ebafdcf8,0x00000000ebb00000)
  to   space 1536K, 0% used [0x00000000eb880000,0x00000000eb880000,0x00000000eba00000)
 ParOldGen       total 111104K, used 88997K [0x00000000c0000000, 0x00000000c6c80000, 0x00000000eab00000)
  object space 111104K, 80% used [0x00000000c0000000,0x00000000c56e97a0,0x00000000c6c80000)
 Metaspace       used 73196K, committed 74432K, reserved 1179648K
  class space    used 8299K, committed 8832K, reserved 1048576K
}
Event: 37.649 GC heap before
{Heap before GC invocations=85 (full 5):
 PSYoungGen      total 14848K, used 14839K [0x00000000eab00000, 0x00000000ebc00000, 0x0000000100000000)
  eden space 13824K, 100% used [0x00000000eab00000,0x00000000eb880000,0x00000000eb880000)
  from space 1024K, 99% used [0x00000000eba00000,0x00000000ebafdcf8,0x00000000ebb00000)
  to   space 1536K, 0% used [0x00000000eb880000,0x00000000eb880000,0x00000000eba00000)
 ParOldGen       total 111104K, used 88997K [0x00000000c0000000, 0x00000000c6c80000, 0x00000000eab00000)
  object space 111104K, 80% used [0x00000000c0000000,0x00000000c56e97a0,0x00000000c6c80000)
 Metaspace       used 73239K, committed 74496K, reserved 1179648K
  class space    used 8304K, committed 8832K, reserved 1048576K
}
Event: 37.651 GC heap after
{Heap after GC invocations=85 (full 5):
 PSYoungGen      total 15360K, used 160K [0x00000000eab00000, 0x00000000eba80000, 0x0000000100000000)
  eden space 13824K, 0% used [0x00000000eab00000,0x00000000eab00000,0x00000000eb880000)
  from space 1536K, 10% used [0x00000000eb880000,0x00000000eb8a8000,0x00000000eba00000)
  to   space 512K, 0% used [0x00000000eba00000,0x00000000eba00000,0x00000000eba80000)
 ParOldGen       total 111104K, used 89485K [0x00000000c0000000, 0x00000000c6c80000, 0x00000000eab00000)
  object space 111104K, 80% used [0x00000000c0000000,0x00000000c57637c0,0x00000000c6c80000)
 Metaspace       used 73239K, committed 74496K, reserved 1179648K
  class space    used 8304K, committed 8832K, reserved 1048576K
}
Event: 37.928 GC heap before
{Heap before GC invocations=86 (full 5):
 PSYoungGen      total 15360K, used 13984K [0x00000000eab00000, 0x00000000eba80000, 0x0000000100000000)
  eden space 13824K, 100% used [0x00000000eab00000,0x00000000eb880000,0x00000000eb880000)
  from space 1536K, 10% used [0x00000000eb880000,0x00000000eb8a8000,0x00000000eba00000)
  to   space 512K, 0% used [0x00000000eba00000,0x00000000eba00000,0x00000000eba80000)
 ParOldGen       total 111104K, used 89485K [0x00000000c0000000, 0x00000000c6c80000, 0x00000000eab00000)
  object space 111104K, 80% used [0x00000000c0000000,0x00000000c57637c0,0x00000000c6c80000)
 Metaspace       used 73344K, committed 74560K, reserved 1179648K
  class space    used 8316K, committed 8832K, reserved 1048576K
}
Event: 37.931 GC heap after
{Heap after GC invocations=86 (full 5):
 PSYoungGen      total 14336K, used 500K [0x00000000eab00000, 0x00000000eba80000, 0x0000000100000000)
  eden space 13824K, 0% used [0x00000000eab00000,0x00000000eab00000,0x00000000eb880000)
  from space 512K, 97% used [0x00000000eba00000,0x00000000eba7d040,0x00000000eba80000)
  to   space 1536K, 0% used [0x00000000eb880000,0x00000000eb880000,0x00000000eba00000)
 ParOldGen       total 111104K, used 91435K [0x00000000c0000000, 0x00000000c6c80000, 0x00000000eab00000)
  object space 111104K, 82% used [0x00000000c0000000,0x00000000c594aff0,0x00000000c6c80000)
 Metaspace       used 73344K, committed 74560K, reserved 1179648K
  class space    used 8316K, committed 8832K, reserved 1048576K
}

