# JRE version: OpenJDK Runtime Environment Temurin-17.0.10+7 (17.0.10+7) (build 17.0.10+7)
# Java VM: OpenJDK 64-Bit Server VM Temurin-17.0.10+7 (17.0.10+7, mixed mode, tiered, compressed oops, compressed class ptrs, parallel gc, windows-amd64)
GC Precious Log:
 CPUs: 2 total, 2 available
 Memory: 6094M
 Large Page Support: Disabled
 NUMA Support: Disabled
 Compressed Oops: Enabled (32-bit)
 Alignments: Space 512K, Generation 512K, Heap 2M
 Heap Min Capacity: 100M
 Heap Initial Capacity: 100M
 Heap Max Capacity: 1G
 Pre-touch: Disabled
 Parallel Workers: 2
Heap:
 PSYoungGen      total 23040K, used 16547K [0x00000000eab00000, 0x00000000ec600000, 0x0000000100000000)
  eden space 18432K, 65% used [0x00000000eab00000,0x00000000eb6debf8,0x00000000ebd00000)
  from space 4608K, 95% used [0x00000000ebf00000,0x00000000ec34a028,0x00000000ec380000)
  to   space 2560K, 0% used [0x00000000ec380000,0x00000000ec380000,0x00000000ec600000)
 ParOldGen       total 95744K, used 86100K [0x00000000c0000000, 0x00000000c5d80000, 0x00000000eab00000)
  object space 95744K, 89% used [0x00000000c0000000,0x00000000c5415120,0x00000000c5d80000)
 Metaspace       used 52840K, committed 53824K, reserved 1114112K
  class space    used 5556K, committed 6016K, reserved 1048576K
GC Heap History (20 events):
Event: 34.914 GC heap before
{Heap before GC invocations=34 (full 2):
 PSYoungGen      total 23040K, used 22599K [0x00000000eab00000, 0x00000000ec900000, 0x0000000100000000)
  eden space 18432K, 100% used [0x00000000eab00000,0x00000000ebd00000,0x00000000ebd00000)
  from space 4608K, 90% used [0x00000000ebd00000,0x00000000ec111c58,0x00000000ec180000)
  to   space 6144K, 0% used [0x00000000ec300000,0x00000000ec300000,0x00000000ec900000)
 ParOldGen       total 68608K, used 56782K [0x00000000c0000000, 0x00000000c4300000, 0x00000000eab00000)
  object space 68608K, 82% used [0x00000000c0000000,0x00000000c3773b50,0x00000000c4300000)
 Metaspace       used 52859K, committed 53824K, reserved 1114112K
  class space    used 5571K, committed 6016K, reserved 1048576K
}
Event: 34.922 GC heap after
{Heap after GC invocations=34 (full 2):
 PSYoungGen      total 22528K, used 3923K [0x00000000eab00000, 0x00000000ec700000, 0x0000000100000000)
  eden space 18432K, 0% used [0x00000000eab00000,0x00000000eab00000,0x00000000ebd00000)
  from space 4096K, 95% used [0x00000000ec300000,0x00000000ec6d4d08,0x00000000ec700000)
  to   space 4608K, 0% used [0x00000000ebe00000,0x00000000ebe00000,0x00000000ec280000)
 ParOldGen       total 68608K, used 60770K [0x00000000c0000000, 0x00000000c4300000, 0x00000000eab00000)
  object space 68608K, 88% used [0x00000000c0000000,0x00000000c3b58848,0x00000000c4300000)
 Metaspace       used 52859K, committed 53824K, reserved 1114112K
  class space    used 5571K, committed 6016K, reserved 1048576K
}
Event: 35.139 GC heap before
{Heap before GC invocations=35 (full 2):
 PSYoungGen      total 22528K, used 22355K [0x00000000eab00000, 0x00000000ec700000, 0x0000000100000000)
  eden space 18432K, 100% used [0x00000000eab00000,0x00000000ebd00000,0x00000000ebd00000)
  from space 4096K, 95% used [0x00000000ec300000,0x00000000ec6d4d08,0x00000000ec700000)
  to   space 4608K, 0% used [0x00000000ebe00000,0x00000000ebe00000,0x00000000ec280000)
 ParOldGen       total 68608K, used 60770K [0x00000000c0000000, 0x00000000c4300000, 0x00000000eab00000)
  object space 68608K, 88% used [0x00000000c0000000,0x00000000c3b58848,0x00000000c4300000)
 Metaspace       used 52859K, committed 53824K, reserved 1114112K
  class space    used 5571K, committed 6016K, reserved 1048576K
}
Event: 35.147 GC heap after
{Heap after GC invocations=35 (full 2):
 PSYoungGen      total 23040K, used 4592K [0x00000000eab00000, 0x00000000ec700000, 0x0000000100000000)
  eden space 18432K, 0% used [0x00000000eab00000,0x00000000eab00000,0x00000000ebd00000)
  from space 4608K, 99% used [0x00000000ebe00000,0x00000000ec27c000,0x00000000ec280000)
  to   space 4608K, 0% used [0x00000000ec280000,0x00000000ec280000,0x00000000ec700000)
 ParOldGen       total 68608K, used 64564K [0x00000000c0000000, 0x00000000c4300000, 0x00000000eab00000)
  object space 68608K, 94% used [0x00000000c0000000,0x00000000c3f0d0e0,0x00000000c4300000)
 Metaspace       used 52859K, committed 53824K, reserved 1114112K
  class space    used 5571K, committed 6016K, reserved 1048576K
}
Event: 35.293 GC heap before
{Heap before GC invocations=36 (full 2):
 PSYoungGen      total 23040K, used 23024K [0x00000000eab00000, 0x00000000ec700000, 0x0000000100000000)
  eden space 18432K, 100% used [0x00000000eab00000,0x00000000ebd00000,0x00000000ebd00000)
  from space 4608K, 99% used [0x00000000ebe00000,0x00000000ec27c000,0x00000000ec280000)
  to   space 4608K, 0% used [0x00000000ec280000,0x00000000ec280000,0x00000000ec700000)
 ParOldGen       total 68608K, used 64564K [0x00000000c0000000, 0x00000000c4300000, 0x00000000eab00000)
  object space 68608K, 94% used [0x00000000c0000000,0x00000000c3f0d0e0,0x00000000c4300000)
 Metaspace       used 52862K, committed 53824K, reserved 1114112K
  class space    used 5571K, committed 6016K, reserved 1048576K
}
Event: 35.300 GC heap after
{Heap after GC invocations=36 (full 2):
 PSYoungGen      total 23040K, used 4288K [0x00000000eab00000, 0x00000000ec700000, 0x0000000100000000)
  eden space 18432K, 0% used [0x00000000eab00000,0x00000000eab00000,0x00000000ebd00000)
  from space 4608K, 93% used [0x00000000ec280000,0x00000000ec6b01e8,0x00000000ec700000)
  to   space 4608K, 0% used [0x00000000ebe00000,0x00000000ebe00000,0x00000000ec280000)
 ParOldGen       total 69120K, used 68984K [0x00000000c0000000, 0x00000000c4380000, 0x00000000eab00000)
  object space 69120K, 99% used [0x00000000c0000000,0x00000000c435e388,0x00000000c4380000)
 Metaspace       used 52862K, committed 53824K, reserved 1114112K
  class space    used 5571K, committed 6016K, reserved 1048576K
}
Event: 35.301 GC heap before
{Heap before GC invocations=37 (full 3):
 PSYoungGen      total 23040K, used 4288K [0x00000000eab00000, 0x00000000ec700000, 0x0000000100000000)
  eden space 18432K, 0% used [0x00000000eab00000,0x00000000eab00000,0x00000000ebd00000)
  from space 4608K, 93% used [0x00000000ec280000,0x00000000ec6b01e8,0x00000000ec700000)
  to   space 4608K, 0% used [0x00000000ebe00000,0x00000000ebe00000,0x00000000ec280000)
 ParOldGen       total 69120K, used 68984K [0x00000000c0000000, 0x00000000c4380000, 0x00000000eab00000)
  object space 69120K, 99% used [0x00000000c0000000,0x00000000c435e388,0x00000000c4380000)
 Metaspace       used 52862K, committed 53824K, reserved 1114112K
  class space    used 5571K, committed 6016K, reserved 1048576K
}
Event: 35.471 GC heap after
{Heap after GC invocations=37 (full 3):
 PSYoungGen      total 18944K, used 0K [0x00000000eab00000, 0x00000000ec600000, 0x0000000100000000)
  eden space 18432K, 0% used [0x00000000eab00000,0x00000000eab00000,0x00000000ebd00000)
  from space 512K, 0% used [0x00000000ebe00000,0x00000000ebe00000,0x00000000ebe80000)
  to   space 4608K, 0% used [0x00000000ec180000,0x00000000ec180000,0x00000000ec600000)
 ParOldGen       total 95744K, used 65913K [0x00000000c0000000, 0x00000000c5d80000, 0x00000000eab00000)
  object space 95744K, 68% used [0x00000000c0000000,0x00000000c405e750,0x00000000c5d80000)
 Metaspace       used 52839K, committed 53824K, reserved 1114112K
  class space    used 5556K, committed 6016K, reserved 1048576K
}
Event: 35.547 GC heap before
{Heap before GC invocations=38 (full 3):
 PSYoungGen      total 18944K, used 18432K [0x00000000eab00000, 0x00000000ec600000, 0x0000000100000000)
  eden space 18432K, 100% used [0x00000000eab00000,0x00000000ebd00000,0x00000000ebd00000)
  from space 512K, 0% used [0x00000000ebe00000,0x00000000ebe00000,0x00000000ebe80000)
  to   space 4608K, 0% used [0x00000000ec180000,0x00000000ec180000,0x00000000ec600000)
 ParOldGen       total 95744K, used 65913K [0x00000000c0000000, 0x00000000c5d80000, 0x00000000eab00000)
  object space 95744K, 68% used [0x00000000c0000000,0x00000000c405e750,0x00000000c5d80000)
 Metaspace       used 52840K, committed 53824K, reserved 1114112K
  class space    used 5556K, committed 6016K, reserved 1048576K
}
Event: 35.551 GC heap after
{Heap after GC invocations=38 (full 3):
 PSYoungGen      total 23040K, used 4299K [0x00000000eab00000, 0x00000000ec600000, 0x0000000100000000)
  eden space 18432K, 0% used [0x00000000eab00000,0x00000000eab00000,0x00000000ebd00000)
  from space 4608K, 93% used [0x00000000ec180000,0x00000000ec5b2f30,0x00000000ec600000)
  to   space 4608K, 0% used [0x00000000ebd00000,0x00000000ebd00000,0x00000000ec180000)
 ParOldGen       total 95744K, used 65913K [0x00000000c0000000, 0x00000000c5d80000, 0x00000000eab00000)
  object space 95744K, 68% used [0x00000000c0000000,0x00000000c405e750,0x00000000c5d80000)
 Metaspace       used 52840K, committed 53824K, reserved 1114112K
  class space    used 5556K, committed 6016K, reserved 1048576K
}
Event: 35.686 GC heap before
{Heap before GC invocations=39 (full 3):
 PSYoungGen      total 23040K, used 22731K [0x00000000eab00000, 0x00000000ec600000, 0x0000000100000000)
  eden space 18432K, 100% used [0x00000000eab00000,0x00000000ebd00000,0x00000000ebd00000)
  from space 4608K, 93% used [0x00000000ec180000,0x00000000ec5b2f30,0x00000000ec600000)
  to   space 4608K, 0% used [0x00000000ebd00000,0x00000000ebd00000,0x00000000ec180000)
 ParOldGen       total 95744K, used 65913K [0x00000000c0000000, 0x00000000c5d80000, 0x00000000eab00000)
  object space 95744K, 68% used [0x00000000c0000000,0x00000000c405e750,0x00000000c5d80000)
 Metaspace       used 52840K, committed 53824K, reserved 1114112K
  class space    used 5556K, committed 6016K, reserved 1048576K
}
Event: 35.693 GC heap after
{Heap after GC invocations=39 (full 3):
 PSYoungGen      total 23040K, used 4394K [0x00000000eab00000, 0x00000000ec600000, 0x0000000100000000)
  eden space 18432K, 0% used [0x00000000eab00000,0x00000000eab00000,0x00000000ebd00000)
  from space 4608K, 95% used [0x00000000ebd00000,0x00000000ec14a940,0x00000000ec180000)
  to   space 4608K, 0% used [0x00000000ec180000,0x00000000ec180000,0x00000000ec600000)
 ParOldGen       total 95744K, used 70001K [0x00000000c0000000, 0x00000000c5d80000, 0x00000000eab00000)
  object space 95744K, 73% used [0x00000000c0000000,0x00000000c445c7e8,0x00000000c5d80000)
 Metaspace       used 52840K, committed 53824K, reserved 1114112K
  class space    used 5556K, committed 6016K, reserved 1048576K
}
Event: 36.041 GC heap before
{Heap before GC invocations=40 (full 3):
 PSYoungGen      total 23040K, used 22826K [0x00000000eab00000, 0x00000000ec600000, 0x0000000100000000)
  eden space 18432K, 100% used [0x00000000eab00000,0x00000000ebd00000,0x00000000ebd00000)
  from space 4608K, 95% used [0x00000000ebd00000,0x00000000ec14a940,0x00000000ec180000)
  to   space 4608K, 0% used [0x00000000ec180000,0x00000000ec180000,0x00000000ec600000)
 ParOldGen       total 95744K, used 70001K [0x00000000c0000000, 0x00000000c5d80000, 0x00000000eab00000)
  object space 95744K, 73% used [0x00000000c0000000,0x00000000c445c7e8,0x00000000c5d80000)
 Metaspace       used 52840K, committed 53824K, reserved 1114112K
  class space    used 5556K, committed 6016K, reserved 1048576K
}
Event: 36.050 GC heap after
{Heap after GC invocations=40 (full 3):
 PSYoungGen      total 22528K, used 3809K [0x00000000eab00000, 0x00000000ec580000, 0x0000000100000000)
  eden space 18432K, 0% used [0x00000000eab00000,0x00000000eab00000,0x00000000ebd00000)
  from space 4096K, 93% used [0x00000000ec180000,0x00000000ec538590,0x00000000ec580000)
  to   space 4096K, 0% used [0x00000000ebd80000,0x00000000ebd80000,0x00000000ec180000)
 ParOldGen       total 95744K, used 74225K [0x00000000c0000000, 0x00000000c5d80000, 0x00000000eab00000)
  object space 95744K, 77% used [0x00000000c0000000,0x00000000c487c7b8,0x00000000c5d80000)
 Metaspace       used 52840K, committed 53824K, reserved 1114112K
  class space    used 5556K, committed 6016K, reserved 1048576K
}
Event: 36.347 GC heap before
{Heap before GC invocations=41 (full 3):
 PSYoungGen      total 22528K, used 22241K [0x00000000eab00000, 0x00000000ec580000, 0x0000000100000000)
  eden space 18432K, 100% used [0x00000000eab00000,0x00000000ebd00000,0x00000000ebd00000)
  from space 4096K, 93% used [0x00000000ec180000,0x00000000ec538590,0x00000000ec580000)
  to   space 4096K, 0% used [0x00000000ebd80000,0x00000000ebd80000,0x00000000ec180000)
 ParOldGen       total 95744K, used 74225K [0x00000000c0000000, 0x00000000c5d80000, 0x00000000eab00000)
  object space 95744K, 77% used [0x00000000c0000000,0x00000000c487c7b8,0x00000000c5d80000)
 Metaspace       used 52840K, committed 53824K, reserved 1114112K
  class space    used 5556K, committed 6016K, reserved 1048576K
}
Event: 36.360 GC heap after
{Heap after GC invocations=41 (full 3):
 PSYoungGen      total 22528K, used 4083K [0x00000000eab00000, 0x00000000ece00000, 0x0000000100000000)
  eden space 18432K, 0% used [0x00000000eab00000,0x00000000eab00000,0x00000000ebd00000)
  from space 4096K, 99% used [0x00000000ebd80000,0x00000000ec17cd28,0x00000000ec180000)
  to   space 8704K, 0% used [0x00000000ec580000,0x00000000ec580000,0x00000000ece00000)
 ParOldGen       total 95744K, used 78065K [0x00000000c0000000, 0x00000000c5d80000, 0x00000000eab00000)
  object space 95744K, 81% used [0x00000000c0000000,0x00000000c4c3c6f0,0x00000000c5d80000)
 Metaspace       used 52840K, committed 53824K, reserved 1114112K
  class space    used 5556K, committed 6016K, reserved 1048576K
}
Event: 37.567 GC heap before
{Heap before GC invocations=42 (full 3):
 PSYoungGen      total 22528K, used 22515K [0x00000000eab00000, 0x00000000ece00000, 0x0000000100000000)
  eden space 18432K, 100% used [0x00000000eab00000,0x00000000ebd00000,0x00000000ebd00000)
  from space 4096K, 99% used [0x00000000ebd80000,0x00000000ec17cd28,0x00000000ec180000)
  to   space 8704K, 0% used [0x00000000ec580000,0x00000000ec580000,0x00000000ece00000)
 ParOldGen       total 95744K, used 78065K [0x00000000c0000000, 0x00000000c5d80000, 0x00000000eab00000)
  object space 95744K, 81% used [0x00000000c0000000,0x00000000c4c3c6f0,0x00000000c5d80000)
 Metaspace       used 52840K, committed 53824K, reserved 1114112K
  class space    used 5556K, committed 6016K, reserved 1048576K
}
Event: 37.574 GC heap after
{Heap after GC invocations=42 (full 3):
 PSYoungGen      total 23040K, used 4260K [0x00000000eab00000, 0x00000000eca00000, 0x0000000100000000)
  eden space 18432K, 0% used [0x00000000eab00000,0x00000000eab00000,0x00000000ebd00000)
  from space 4608K, 92% used [0x00000000ec580000,0x00000000ec9a9288,0x00000000eca00000)
  to   space 5632K, 0% used [0x00000000ebf00000,0x00000000ebf00000,0x00000000ec480000)
 ParOldGen       total 95744K, used 82011K [0x00000000c0000000, 0x00000000c5d80000, 0x00000000eab00000)
  object space 95744K, 85% used [0x00000000c0000000,0x00000000c5016e50,0x00000000c5d80000)
 Metaspace       used 52840K, committed 53824K, reserved 1114112K
  class space    used 5556K, committed 6016K, reserved 1048576K
}
Event: 45.702 GC heap before
{Heap before GC invocations=43 (full 3):
 PSYoungGen      total 23040K, used 22692K [0x00000000eab00000, 0x00000000eca00000, 0x0000000100000000)
  eden space 18432K, 100% used [0x00000000eab00000,0x00000000ebd00000,0x00000000ebd00000)
  from space 4608K, 92% used [0x00000000ec580000,0x00000000ec9a9288,0x00000000eca00000)
  to   space 5632K, 0% used [0x00000000ebf00000,0x00000000ebf00000,0x00000000ec480000)
 ParOldGen       total 95744K, used 82011K [0x00000000c0000000, 0x00000000c5d80000, 0x00000000eab00000)
  object space 95744K, 85% used [0x00000000c0000000,0x00000000c5016e50,0x00000000c5d80000)
 Metaspace       used 52840K, committed 53824K, reserved 1114112K
  class space    used 5556K, committed 6016K, reserved 1048576K
}
Event: 45.714 GC heap after
{Heap after GC invocations=43 (full 3):
 PSYoungGen      total 23040K, used 4392K [0x00000000eab00000, 0x00000000ec600000, 0x0000000100000000)
  eden space 18432K, 0% used [0x00000000eab00000,0x00000000eab00000,0x00000000ebd00000)
  from space 4608K, 95% used [0x00000000ebf00000,0x00000000ec34a028,0x00000000ec380000)
  to   space 2560K, 0% used [0x00000000ec380000,0x00000000ec380000,0x00000000ec600000)
 ParOldGen       total 95744K, used 86100K [0x00000000c0000000, 0x00000000c5d80000, 0x00000000eab00000)
  object space 95744K, 89% used [0x00000000c0000000,0x00000000c5415120,0x00000000c5d80000)
 Metaspace       used 52840K, committed 53824K, reserved 1114112K
  class space    used 5556K, committed 6016K, reserved 1048576K
}

