# JRE version: OpenJDK Runtime Environment Microsoft-40648 (11.0.16.1+1) (build 11.0.16.1+1-LTS)
# Java VM: OpenJDK 64-Bit Server VM Microsoft-40648 (11.0.16.1+1-LTS, mixed mode, tiered, compressed oops, g1 gc, windows-amd64)
Heap:
 garbage-first heap   total 262144K, used 18717K [0x00000000e0000000, 0x0000000100000000)
  region size 1024K, 2 young (2048K), 2 survivors (2048K)
 Metaspace       used 21668K, capacity 22233K, committed 22272K, reserved 413696K
  class space    used 2580K, capacity 2806K, committed 2816K, reserved 385024K
GC Heap History (11 events):
Event: 1.665 GC heap before
{Heap before GC invocations=0 (full 0):
 garbage-first heap   total 262144K, used 11264K [0x00000000e0000000, 0x0000000100000000)
  region size 1024K, 12 young (12288K), 0 survivors (0K)
 Metaspace       used 6993K, capacity 7138K, committed 7424K, reserved 393216K
  class space    used 605K, capacity 655K, committed 768K, reserved 385024K
}
Event: 1.696 GC heap after
{Heap after GC invocations=1 (full 0):
 garbage-first heap   total 262144K, used 1720K [0x00000000e0000000, 0x0000000100000000)
  region size 1024K, 2 young (2048K), 2 survivors (2048K)
 Metaspace       used 6993K, capacity 7138K, committed 7424K, reserved 393216K
  class space    used 605K, capacity 655K, committed 768K, reserved 385024K
}
Event: 8.992 GC heap before
{Heap before GC invocations=1 (full 0):
 garbage-first heap   total 262144K, used 96952K [0x00000000e0000000, 0x0000000100000000)
  region size 1024K, 90 young (92160K), 2 survivors (2048K)
 Metaspace       used 16691K, capacity 17007K, committed 17152K, reserved 401408K
  class space    used 1837K, capacity 1945K, committed 2048K, reserved 385024K
}
Event: 9.010 GC heap after
{Heap after GC invocations=2 (full 0):
 garbage-first heap   total 262144K, used 17428K [0x00000000e0000000, 0x0000000100000000)
  region size 1024K, 12 young (12288K), 12 survivors (12288K)
 Metaspace       used 16691K, capacity 17007K, committed 17152K, reserved 401408K
  class space    used 1837K, capacity 1945K, committed 2048K, reserved 385024K
}
Event: 9.352 GC heap before
{Heap before GC invocations=2 (full 0):
 garbage-first heap   total 262144K, used 20500K [0x00000000e0000000, 0x0000000100000000)
  region size 1024K, 15 young (15360K), 12 survivors (12288K)
 Metaspace       used 17359K, capacity 17709K, committed 18048K, reserved 401408K
  class space    used 1933K, capacity 2052K, committed 2176K, reserved 385024K
}
Event: 9.365 GC heap after
{Heap after GC invocations=3 (full 0):
 garbage-first heap   total 262144K, used 18376K [0x00000000e0000000, 0x0000000100000000)
  region size 1024K, 1 young (1024K), 1 survivors (1024K)
 Metaspace       used 17359K, capacity 17709K, committed 18048K, reserved 401408K
  class space    used 1933K, capacity 2052K, committed 2176K, reserved 385024K
}
Event: 10.613 GC heap before
{Heap before GC invocations=3 (full 0):
 garbage-first heap   total 262144K, used 32712K [0x00000000e0000000, 0x0000000100000000)
  region size 1024K, 16 young (16384K), 1 survivors (1024K)
 Metaspace       used 19748K, capacity 20176K, committed 20352K, reserved 403456K
  class space    used 2266K, capacity 2428K, committed 2432K, reserved 385024K
}
Event: 10.616 GC heap after
{Heap after GC invocations=4 (full 0):
 garbage-first heap   total 262144K, used 18219K [0x00000000e0000000, 0x0000000100000000)
  region size 1024K, 1 young (1024K), 1 survivors (1024K)
 Metaspace       used 19748K, capacity 20176K, committed 20352K, reserved 403456K
  class space    used 2266K, capacity 2428K, committed 2432K, reserved 385024K
}
Event: 10.857 GC heap before
{Heap before GC invocations=4 (full 0):
 garbage-first heap   total 262144K, used 23339K [0x00000000e0000000, 0x0000000100000000)
  region size 1024K, 7 young (7168K), 1 survivors (1024K)
 Metaspace       used 20549K, capacity 21018K, committed 21248K, reserved 405504K
  class space    used 2388K, capacity 2544K, committed 2560K, reserved 385024K
}
Event: 10.859 GC heap after
{Heap after GC invocations=5 (full 0):
 garbage-first heap   total 262144K, used 18265K [0x00000000e0000000, 0x0000000100000000)
  region size 1024K, 1 young (1024K), 1 survivors (1024K)
 Metaspace       used 20549K, capacity 21018K, committed 21248K, reserved 405504K
  class space    used 2388K, capacity 2544K, committed 2560K, reserved 385024K
}
Event: 11.468 GC heap before
{Heap before GC invocations=6 (full 0):
 garbage-first heap   total 262144K, used 31577K [0x00000000e0000000, 0x0000000100000000)
  region size 1024K, 15 young (15360K), 1 survivors (1024K)
 Metaspace       used 21668K, capacity 22233K, committed 22272K, reserved 411648K
  class space    used 2580K, capacity 2806K, committed 2816K, reserved 385024K
}

